<?xml version="1.0" encoding="UTF-8"?>
<testng-results ignored="0" total="2" passed="2" failed="0" skipped="0">
  <reporter-output>
  </reporter-output>
  <suite started-at="2023-12-31T18:08:28 IST" name="Suite" finished-at="2023-12-31T18:08:37 IST" duration-ms="9001">
    <groups>
    </groups>
    <test started-at="2023-12-31T18:08:28 IST" name="Test" finished-at="2023-12-31T18:08:37 IST" duration-ms="9001">
      <class name="testcases.LoginTest">
        <test-method is-config="true" signature="setupBrowser()[pri:0, instance:testcases.LoginTest@32eff876]" started-at="2023-12-31T18:08:28 IST" name="setupBrowser" finished-at="2023-12-31T18:08:33 IST" duration-ms="5258" status="PASS">
          <reporter-output>
          </reporter-output>
        </test-method> <!-- setupBrowser -->
        <test-method signature="loginToApplication(java.lang.String,java.lang.String)[pri:0, instance:testcases.LoginTest@32eff876]" started-at="2023-12-31T18:08:36 IST" name="loginToApplication" data-provider="loginDetails" finished-at="2023-12-31T18:08:36 IST" duration-ms="558" status="PASS">
          <params>
            <param index="0">
              <value>
                <![CDATA[ineuron@ineuron.ai]]>
              </value>
            </param>
            <param index="1">
              <value>
                <![CDATA[ineuron]]>
              </value>
            </param>
          </params>
          <reporter-output>
          </reporter-output>
        </test-method> <!-- loginToApplication -->
        <test-method signature="loginToApplication(java.lang.String,java.lang.String)[pri:0, instance:testcases.LoginTest@32eff876]" started-at="2023-12-31T18:08:36 IST" name="loginToApplication" data-provider="loginDetails" finished-at="2023-12-31T18:08:37 IST" duration-ms="400" status="PASS">
          <params>
            <param index="0">
              <value>
                <![CDATA[admin@admin.com]]>
              </value>
            </param>
            <param index="1">
              <value>
                <![CDATA[admin]]>
              </value>
            </param>
          </params>
          <reporter-output>
          </reporter-output>
        </test-method> <!-- loginToApplication -->
        <test-method is-config="true" signature="closeBrowser()[pri:0, instance:testcases.LoginTest@32eff876]" started-at="2023-12-31T18:08:37 IST" name="closeBrowser" finished-at="2023-12-31T18:08:37 IST" duration-ms="336" status="PASS">
          <reporter-output>
          </reporter-output>
        </test-method> <!-- closeBrowser -->
      </class> <!-- testcases.LoginTest -->
    </test> <!-- Test -->
  </suite> <!-- Suite -->
</testng-results>
